2025-05-04 13:39:19,644 [MainThread  ] [INFO ]  Starting Binance API tests
2025-05-04 13:39:19,644 [MainThread  ] [INFO ]  Fetching market data...
2025-05-04 13:39:19,723 [MainThread  ] [INFO ]  BTC/USDT Price: 95904.77000000
2025-05-04 13:39:19,805 [MainThread  ] [INFO ]  Order Book Depth: {'lastUpdateId': 68073680521, 'bids': [['95904.76000000', '3.51254000'], ['95904.75000000', '0.00282000'], ['95904.73000000', '0.00018000'], ['95904.65000000', '0.00006000'], ['95904.64000000', '0.00006000']], 'asks': [['95904.77000000', '5.18206000'], ['95904.78000000', '0.05022000'], ['95904.79000000', '0.00006000'], ['95904.83000000', '0.00006000'], ['95904.85000000', '0.00018000']]}
2025-05-04 13:39:20,082 [MainThread  ] [INFO ]  Completed Binance API tests
2025-05-04 13:41:32,742 [MainThread  ] [INFO ]  Starting Binance API tests
2025-05-04 13:41:32,744 [MainThread  ] [INFO ]  Fetching market data...
2025-05-04 13:41:32,821 [MainThread  ] [INFO ]  BTC/USDT Price: 95932.39000000
2025-05-04 13:41:32,909 [MainThread  ] [INFO ]  Order Book Depth: {'lastUpdateId': 68073742879, 'bids': [['95932.39000000', '5.30387000'], ['95932.38000000', '0.00096000'], ['95932.35000000', '0.00006000'], ['95932.23000000', '0.00006000'], ['95932.22000000', '0.00006000']], 'asks': [['95932.40000000', '2.95019000'], ['95932.41000000', '0.00024000'], ['95932.42000000', '0.00095000'], ['95932.43000000', '0.00006000'], ['95932.44000000', '0.00006000']]}
2025-05-04 13:41:33,168 [MainThread  ] [INFO ]  Completed Binance API tests
2025-05-04 13:43:55,921 [MainThread  ] [INFO ]  Starting Binance API tests
2025-05-04 13:43:55,922 [MainThread  ] [INFO ]  Fetching market data...
2025-05-04 13:43:56,007 [MainThread  ] [INFO ]  BTC/USDT Price: 95986.67000000
2025-05-04 13:43:56,095 [MainThread  ] [INFO ]  Order Book Depth: {'lastUpdateId': 68073810741, 'bids': [['95986.67000000', '4.42464000'], ['95986.66000000', '0.00018000'], ['95986.46000000', '0.00006000'], ['95986.41000000', '0.00006000'], ['95986.40000000', '0.00006000']], 'asks': [['95986.68000000', '3.45336000'], ['95986.69000000', '0.00136000'], ['95986.75000000', '0.00013000'], ['95986.82000000', '0.00100000'], ['95986.83000000', '0.00265000']]}
2025-05-04 13:43:56,342 [MainThread  ] [INFO ]  Completed Binance API tests
2025-05-04 13:44:29,665 [MainThread  ] [INFO ]  Starting Binance API tests
2025-05-04 13:44:29,665 [MainThread  ] [INFO ]  Fetching market data...
2025-05-04 13:44:29,748 [MainThread  ] [INFO ]  BTC/USDT Price: 95986.68000000
2025-05-04 13:44:29,835 [MainThread  ] [INFO ]  Order Book Depth: {'lastUpdateId': 68073826942, 'bids': [['95986.67000000', '4.73490000'], ['95986.66000000', '0.00018000'], ['95986.46000000', '0.00006000'], ['95986.41000000', '0.00006000'], ['95986.40000000', '0.00006000']], 'asks': [['95986.68000000', '3.70399000'], ['95986.69000000', '0.00094000'], ['95986.75000000', '0.00013000'], ['95986.82000000', '0.00075000'], ['95986.83000000', '0.00265000']]}
2025-05-04 13:44:30,102 [MainThread  ] [INFO ]  Completed Binance API tests
