2025-05-04 13:41:33,162 [MainThread  ] [ERROR]  Error occurred: APIError(code=-1100): Illegal characters found in parameter 'orderId'; legal range is '^[0-9]{1,20}$'.
Traceback (most recent call last):
  File "/Users/Lynn/Documents/coding_workspace/qf635_market_microstructure_algo_trading/QF635_Market_Microstructure/tests/test_script.py", line 90, in test_error_handling
    self.client.get_order(symbol='BTCUSDT', orderId='invalid')
  File "/Users/Lynn/.pyenv/versions/3.10.12/lib/python3.10/site-packages/binance/client.py", line 1867, in get_order
    return self._get("order", True, data=params)
  File "/Users/Lynn/.pyenv/versions/3.10.12/lib/python3.10/site-packages/binance/client.py", line 180, in _get
    return self._request_api("get", path, signed, version, **kwargs)
  File "/Users/Lynn/.pyenv/versions/3.10.12/lib/python3.10/site-packages/binance/client.py", line 117, in _request_api
    return self._request(method, uri, signed, **kwargs)
  File "/Users/Lynn/.pyenv/versions/3.10.12/lib/python3.10/site-packages/binance/client.py", line 89, in _request
    return self._handle_response(self.response)
  File "/Users/Lynn/.pyenv/versions/3.10.12/lib/python3.10/site-packages/binance/client.py", line 98, in _handle_response
    raise BinanceAPIException(response, response.status_code, response.text)
binance.exceptions.BinanceAPIException: APIError(code=-1100): Illegal characters found in parameter 'orderId'; legal range is '^[0-9]{1,20}$'.
2025-05-04 13:43:56,340 [MainThread  ] [ERROR]  Error occurred: APIError(code=-1100): Illegal characters found in parameter 'orderId'; legal range is '^[0-9]{1,20}$'.
Traceback (most recent call last):
  File "/Users/Lynn/Documents/coding_workspace/qf635_market_microstructure_algo_trading/QF635_Market_Microstructure/tests/test_script.py", line 88, in test_error_handling
    self.client.get_order(symbol='BTCUSDT', orderId='invalid')
  File "/Users/Lynn/.pyenv/versions/3.10.12/lib/python3.10/site-packages/binance/client.py", line 1867, in get_order
    return self._get("order", True, data=params)
  File "/Users/Lynn/.pyenv/versions/3.10.12/lib/python3.10/site-packages/binance/client.py", line 180, in _get
    return self._request_api("get", path, signed, version, **kwargs)
  File "/Users/Lynn/.pyenv/versions/3.10.12/lib/python3.10/site-packages/binance/client.py", line 117, in _request_api
    return self._request(method, uri, signed, **kwargs)
  File "/Users/Lynn/.pyenv/versions/3.10.12/lib/python3.10/site-packages/binance/client.py", line 89, in _request
    return self._handle_response(self.response)
  File "/Users/Lynn/.pyenv/versions/3.10.12/lib/python3.10/site-packages/binance/client.py", line 98, in _handle_response
    raise BinanceAPIException(response, response.status_code, response.text)
binance.exceptions.BinanceAPIException: APIError(code=-1100): Illegal characters found in parameter 'orderId'; legal range is '^[0-9]{1,20}$'.
2025-05-04 13:44:30,099 [MainThread  ] [ERROR]  Error occurred: APIError(code=-1100): Illegal characters found in parameter 'orderId'; legal range is '^[0-9]{1,20}$'.
Traceback (most recent call last):
  File "/Users/Lynn/Documents/coding_workspace/qf635_market_microstructure_algo_trading/QF635_Market_Microstructure/tests/test_script.py", line 84, in test_error_handling
    self.client.get_order(symbol='BTCUSDT', orderId='invalid')
  File "/Users/Lynn/.pyenv/versions/3.10.12/lib/python3.10/site-packages/binance/client.py", line 1867, in get_order
    return self._get("order", True, data=params)
  File "/Users/Lynn/.pyenv/versions/3.10.12/lib/python3.10/site-packages/binance/client.py", line 180, in _get
    return self._request_api("get", path, signed, version, **kwargs)
  File "/Users/Lynn/.pyenv/versions/3.10.12/lib/python3.10/site-packages/binance/client.py", line 117, in _request_api
    return self._request(method, uri, signed, **kwargs)
  File "/Users/Lynn/.pyenv/versions/3.10.12/lib/python3.10/site-packages/binance/client.py", line 89, in _request
    return self._handle_response(self.response)
  File "/Users/Lynn/.pyenv/versions/3.10.12/lib/python3.10/site-packages/binance/client.py", line 98, in _handle_response
    raise BinanceAPIException(response, response.status_code, response.text)
binance.exceptions.BinanceAPIException: APIError(code=-1100): Illegal characters found in parameter 'orderId'; legal range is '^[0-9]{1,20}$'.
